0 info it worked if it ends with ok
1 verbose cli [ '/Users/hhuang/.nvm/versions/node/v7.6.0/bin/node',
1 verbose cli   '/Users/hhuang/.nvm/versions/node/v7.6.0/bin/npm',
1 verbose cli   'start' ]
2 info using npm@4.1.2
3 info using node@v7.6.0
4 verbose run-script [ 'prestart', 'start', 'poststart' ]
5 info lifecycle react-advanced@1.0.0~prestart: react-advanced@1.0.0
6 silly lifecycle react-advanced@1.0.0~prestart: no script for prestart, continuing
7 info lifecycle react-advanced@1.0.0~start: react-advanced@1.0.0
8 verbose lifecycle react-advanced@1.0.0~start: unsafe-perm in lifecycle true
9 verbose lifecycle react-advanced@1.0.0~start: PATH: /Users/hhuang/.nvm/versions/node/v7.6.0/lib/node_modules/npm/bin/node-gyp-bin:/Users/hhuang/Documents/Ben/_BenGithub/react-advanced/node_modules/.bin:/Users/hhuang/.sdkman/candidates/gradle/current/bin:/Users/hhuang/.nvm/versions/node/v7.6.0/bin:/Users/hhuang/anaconda/bin:/usr/local/bin:/usr/bin:/bin:/usr/sbin:/sbin:/usr/local/share/dotnet:/usr/local/go/bin:/Library/Frameworks/Mono.framework/Versions/Current/Commands
10 verbose lifecycle react-advanced@1.0.0~start: CWD: /Users/hhuang/Documents/Ben/_BenGithub/react-advanced
11 silly lifecycle react-advanced@1.0.0~start: Args: [ '-c', 'babel-node lib/server.js' ]
12 silly lifecycle react-advanced@1.0.0~start: Returned: code: 1  signal: null
13 info lifecycle react-advanced@1.0.0~start: Failed to exec start script
14 verbose stack Error: react-advanced@1.0.0 start: `babel-node lib/server.js`
14 verbose stack Exit status 1
14 verbose stack     at EventEmitter.<anonymous> (/Users/hhuang/.nvm/versions/node/v7.6.0/lib/node_modules/npm/lib/utils/lifecycle.js:279:16)
14 verbose stack     at emitTwo (events.js:106:13)
14 verbose stack     at EventEmitter.emit (events.js:192:7)
14 verbose stack     at ChildProcess.<anonymous> (/Users/hhuang/.nvm/versions/node/v7.6.0/lib/node_modules/npm/lib/utils/spawn.js:40:14)
14 verbose stack     at emitTwo (events.js:106:13)
14 verbose stack     at ChildProcess.emit (events.js:192:7)
14 verbose stack     at maybeClose (internal/child_process.js:890:16)
14 verbose stack     at Process.ChildProcess._handle.onexit (internal/child_process.js:226:5)
15 verbose pkgid react-advanced@1.0.0
16 verbose cwd /Users/hhuang/Documents/Ben/_BenGithub/react-advanced
17 error Darwin 16.4.0
18 error argv "/Users/hhuang/.nvm/versions/node/v7.6.0/bin/node" "/Users/hhuang/.nvm/versions/node/v7.6.0/bin/npm" "start"
19 error node v7.6.0
20 error npm  v4.1.2
21 error code ELIFECYCLE
22 error react-advanced@1.0.0 start: `babel-node lib/server.js`
22 error Exit status 1
23 error Failed at the react-advanced@1.0.0 start script 'babel-node lib/server.js'.
23 error Make sure you have the latest version of node.js and npm installed.
23 error If you do, this is most likely a problem with the react-advanced package,
23 error not with npm itself.
23 error Tell the author that this fails on your system:
23 error     babel-node lib/server.js
23 error You can get information on how to open an issue for this project with:
23 error     npm bugs react-advanced
23 error Or if that isn't available, you can get their info via:
23 error     npm owner ls react-advanced
23 error There is likely additional logging output above.
24 verbose exit [ 1, true ]
